Using pre-set license
Built from '2021.3/staging' branch; Version is '2021.3.18f1 (3129e69bc0c7) revision 3221990'; Using compiler version '192829333'; Build Type 'Release'
OS: 'Windows 10  (10.0.19045) 64bit Professional' Language: 'pt' Physical Memory: 16306 MB
BatchMode: 1, IsHumanControllingUs: 0, StartBugReporterOnCrash: 0, Is64bit: 1, IsPro: 1

COMMAND LINE ARGUMENTS:
Z:\Engine\Unity\2021.3.18f1\Editor\Unity.exe
-adb2
-batchMode
-noUpm
-name
AssetImportWorker1
-projectPath
E:/Unity/Tetris
-logFile
Logs/AssetImportWorker1.log
-srvPort
51992
Successfully changed project path to: E:/Unity/Tetris
E:/Unity/Tetris
[UnityMemory] Configuration Parameters - Can be set up in boot.config
    "memorysetup-bucket-allocator-granularity=16"
    "memorysetup-bucket-allocator-bucket-count=8"
    "memorysetup-bucket-allocator-block-size=33554432"
    "memorysetup-bucket-allocator-block-count=8"
    "memorysetup-main-allocator-block-size=16777216"
    "memorysetup-thread-allocator-block-size=16777216"
    "memorysetup-gfx-main-allocator-block-size=16777216"
    "memorysetup-gfx-thread-allocator-block-size=16777216"
    "memorysetup-cache-allocator-block-size=4194304"
    "memorysetup-typetree-allocator-block-size=2097152"
    "memorysetup-profiler-bucket-allocator-granularity=16"
    "memorysetup-profiler-bucket-allocator-bucket-count=8"
    "memorysetup-profiler-bucket-allocator-block-size=33554432"
    "memorysetup-profiler-bucket-allocator-block-count=8"
    "memorysetup-profiler-allocator-block-size=16777216"
    "memorysetup-profiler-editor-allocator-block-size=1048576"
    "memorysetup-temp-allocator-size-main=16777216"
    "memorysetup-job-temp-allocator-block-size=2097152"
    "memorysetup-job-temp-allocator-block-size-background=1048576"
    "memorysetup-job-temp-allocator-reduction-small-platforms=262144"
    "memorysetup-temp-allocator-size-background-worker=32768"
    "memorysetup-temp-allocator-size-job-worker=262144"
    "memorysetup-temp-allocator-size-preload-manager=33554432"
    "memorysetup-temp-allocator-size-nav-mesh-worker=65536"
    "memorysetup-temp-allocator-size-audio-worker=65536"
    "memorysetup-temp-allocator-size-cloud-worker=32768"
    "memorysetup-temp-allocator-size-gi-baking-worker=262144"
    "memorysetup-temp-allocator-size-gfx=262144"
Player connection [46604] Host "[IP] 192.168.0.100 [Port] 0 [Flags] 2 [Guid] 2381684323 [EditorId] 2381684323 [Version] 1048832 [Id] WindowsEditor(7,DESKTOP-GIQCI5K) [Debug] 1 [PackageName] WindowsEditor [ProjectName] Editor" joined multi-casting on [225.0.0.222:54997]...

Player connection [46604] Host "[IP] 192.168.0.100 [Port] 0 [Flags] 2 [Guid] 2381684323 [EditorId] 2381684323 [Version] 1048832 [Id] WindowsEditor(7,DESKTOP-GIQCI5K) [Debug] 1 [PackageName] WindowsEditor [ProjectName] Editor" joined alternative multi-casting on [225.0.0.222:34997]...

Refreshing native plugins compatible for Editor in 23.14 ms, found 2 plugins.
Preloading 0 native plugins for Editor in 0.00 ms.
Initialize engine version: 2021.3.18f1 (3129e69bc0c7)
[Subsystems] Discovering subsystems at path Z:/Engine/Unity/2021.3.18f1/Editor/Data/Resources/UnitySubsystems
[Subsystems] Discovering subsystems at path E:/Unity/Tetris/Assets
GfxDevice: creating device client; threaded=0; jobified=0
Direct3D:
    Version:  Direct3D 11.0 [level 11.1]
    Renderer: NVIDIA GeForce GTX 1070 Ti (ID=0x1b82)
    Vendor:   NVIDIA
    VRAM:     8073 MB
    Driver:   31.0.15.2698
Initialize mono
Mono path[0] = 'Z:/Engine/Unity/2021.3.18f1/Editor/Data/Managed'
Mono path[1] = 'Z:/Engine/Unity/2021.3.18f1/Editor/Data/MonoBleedingEdge/lib/mono/unityjit-win32'
Mono config path = 'Z:/Engine/Unity/2021.3.18f1/Editor/Data/MonoBleedingEdge/etc'
Using monoOptions --debugger-agent=transport=dt_socket,embedding=1,server=y,suspend=n,address=127.0.0.1:56788
Begin MonoManager ReloadAssembly
Registering precompiled unity dll's ...
Register platform support module: Z:/Engine/Unity/2021.3.18f1/Editor/Data/PlaybackEngines/WebGLSupport/UnityEditor.WebGL.Extensions.dll
Register platform support module: Z:/Engine/Unity/2021.3.18f1/Editor/Data/PlaybackEngines/AndroidPlayer/UnityEditor.Android.Extensions.dll
Register platform support module: Z:/Engine/Unity/2021.3.18f1/Editor/Data/PlaybackEngines/WindowsStandaloneSupport/UnityEditor.WindowsStandalone.Extensions.dll
Registered in 0.003563 seconds.
Native extension for WindowsStandalone target not found
Native extension for Android target not found
Android Extension - Scanning For ADB Devices 874 ms
Native extension for WebGL target not found
Refreshing native plugins compatible for Editor in 23.90 ms, found 2 plugins.
Preloading 0 native plugins for Editor in 0.00 ms.
Mono: successfully reloaded assembly
- Completed reload, in  1.344 seconds
Domain Reload Profiling:
	ReloadAssembly (1345ms)
		BeginReloadAssembly (75ms)
			ExecutionOrderSort (0ms)
			DisableScriptedObjects (0ms)
			BackupInstance (0ms)
			ReleaseScriptingObjects (0ms)
			CreateAndSetChildDomain (0ms)
		EndReloadAssembly (1195ms)
			LoadAssemblies (76ms)
			RebuildTransferFunctionScriptingTraits (0ms)
			SetupTypeCache (80ms)
			ReleaseScriptCaches (0ms)
			RebuildScriptCaches (18ms)
			SetupLoadedEditorAssemblies (1060ms)
				LogAssemblyErrors (0ms)
				InitializePlatformSupportModulesInManaged (925ms)
				SetLoadedEditorAssemblies (0ms)
				RefreshPlugins (24ms)
				BeforeProcessingInitializeOnLoad (1ms)
				ProcessInitializeOnLoadAttributes (74ms)
				ProcessInitializeOnLoadMethodAttributes (35ms)
				AfterProcessingInitializeOnLoad (0ms)
				EditorAssembliesLoaded (0ms)
			ExecutionOrderSort2 (0ms)
			AwakeInstancesAfterBackupRestoration (0ms)
Platform modules already initialized, skipping
Registering precompiled user dll's ...
Registered in 0.003434 seconds.
Begin MonoManager ReloadAssembly
Native extension for WindowsStandalone target not found
Native extension for Android target not found
Native extension for WebGL target not found
Refreshing native plugins compatible for Editor in 0.48 ms, found 2 plugins.
Preloading 0 native plugins for Editor in 0.00 ms.
Mono: successfully reloaded assembly
- Completed reload, in  0.710 seconds
Domain Reload Profiling:
	ReloadAssembly (711ms)
		BeginReloadAssembly (119ms)
			ExecutionOrderSort (0ms)
			DisableScriptedObjects (5ms)
			BackupInstance (0ms)
			ReleaseScriptingObjects (0ms)
			CreateAndSetChildDomain (22ms)
		EndReloadAssembly (494ms)
			LoadAssemblies (89ms)
			RebuildTransferFunctionScriptingTraits (0ms)
			SetupTypeCache (151ms)
			ReleaseScriptCaches (0ms)
			RebuildScriptCaches (33ms)
			SetupLoadedEditorAssemblies (220ms)
				LogAssemblyErrors (0ms)
				InitializePlatformSupportModulesInManaged (14ms)
				SetLoadedEditorAssemblies (0ms)
				RefreshPlugins (1ms)
				BeforeProcessingInitializeOnLoad (34ms)
				ProcessInitializeOnLoadAttributes (151ms)
				ProcessInitializeOnLoadMethodAttributes (17ms)
				AfterProcessingInitializeOnLoad (3ms)
				EditorAssembliesLoaded (0ms)
			ExecutionOrderSort2 (0ms)
			AwakeInstancesAfterBackupRestoration (4ms)
Platform modules already initialized, skipping
========================================================================
Worker process is ready to serve import requests
Launched and connected shader compiler UnityShaderCompiler.exe after 0.05 seconds
Refreshing native plugins compatible for Editor in 0.70 ms, found 2 plugins.
Preloading 0 native plugins for Editor in 0.00 ms.
Unloading 1505 Unused Serialized files (Serialized files now loaded: 0)
Unloading 16 unused Assets / (48.2 KB). Loaded Objects now: 1989.
Memory consumption went from 74.7 MB to 74.7 MB.
Total: 2.497100 ms (FindLiveObjects: 0.135200 ms CreateObjectMapping: 0.045600 ms MarkObjects: 2.234400 ms  DeleteObjects: 0.081200 ms)

AssetImportParameters requested are different than current active one (requested -> active):
  custom:video-decoder-ogg-theora: a1e56fd34408186e4bbccfd4996cb3dc -> 
  custom:container-muxer-webm: aa71ff27fc2769a1b78a27578f13a17b -> 
  custom:container-demuxer-webm: 4f35f7cbe854078d1ac9338744f61a02 -> 
  custom:video-encoder-webm-vp8: eb34c28f22e8b96e1ab97ce403110664 -> 
  custom:video-codec-MediaFoundation-h265: 746d11721c4dcdbdad8f713fa42b33f4 -> 
  custom:audio-encoder-webm-vorbis: bf7c407c2cedff20999df2af8eb42d56 -> 
  custom:framework-win-MediaFoundation: 216162199b28c13a410421893ffa2e32 -> 
  custom:container-demuxer-ogg: 62fdf1f143b41e24485cea50d1cbac27 -> 
  custom:video-decoder-webm-vp8: 9c59270c3fd7afecdb556c50c9e8de78 -> 
  custom:audio-decoder-ogg-vorbis: bf7c407c2cedff20999df2af8eb42d56 -> 
========================================================================
Received Import Request.
  Time since last request: 492357.993849 seconds.
  path: Assets/Resources/PNG/Hills Layer 01B.png
  artifactKey: Guid(6d066f9faa20fad44aed43b22ad9c89e) Importer(815301076,1909f56bfc062723c751e8b465ee728b)
Start importing Assets/Resources/PNG/Hills Layer 01B.png using Guid(6d066f9faa20fad44aed43b22ad9c89e) Importer(815301076,1909f56bfc062723c751e8b465ee728b)  -> (artifact id: 'ae9e4e15f6861d41e8dc2e94d87b6d47') in 0.098894 seconds 
========================================================================
Received Import Request.
  Time since last request: 0.000016 seconds.
  path: Assets/Resources/PNG/Hills Layer 05.png
  artifactKey: Guid(2dc47d91b92f87c4fb49c83c697b1a38) Importer(815301076,1909f56bfc062723c751e8b465ee728b)
Start importing Assets/Resources/PNG/Hills Layer 05.png using Guid(2dc47d91b92f87c4fb49c83c697b1a38) Importer(815301076,1909f56bfc062723c751e8b465ee728b)  -> (artifact id: '5bdc097372a074f58c4812e4088d7f22') in 0.018410 seconds 
========================================================================
Received Import Request.
  Time since last request: 0.575397 seconds.
  path: Assets/Resources/MenuGradient.asset
  artifactKey: Guid(51c124d8fffd701439b9de391065e2eb) Importer(815301076,1909f56bfc062723c751e8b465ee728b)
Start importing Assets/Resources/MenuGradient.asset using Guid(51c124d8fffd701439b9de391065e2eb) Importer(815301076,1909f56bfc062723c751e8b465ee728b)  -> (artifact id: '6823d33d926ccdf489986c9f122427e7') in 0.005115 seconds 
========================================================================
Received Import Request.
  Time since last request: 1.095487 seconds.
  path: Assets/Assets/Materials/I.mat
  artifactKey: Guid(1fe5c32632a7b4abf8f51dcedc1c41aa) Importer(815301076,1909f56bfc062723c751e8b465ee728b)
Start importing Assets/Assets/Materials/I.mat using Guid(1fe5c32632a7b4abf8f51dcedc1c41aa) Importer(815301076,1909f56bfc062723c751e8b465ee728b)  -> (artifact id: '85eae816634e25b4c334be501475434a') in 0.091696 seconds 
========================================================================
Received Import Request.
  Time since last request: 0.000018 seconds.
  path: Assets/Assets/Materials/Z.mat
  artifactKey: Guid(625b8cecd568f5548ac8bcfb777ae0f6) Importer(815301076,1909f56bfc062723c751e8b465ee728b)
Start importing Assets/Assets/Materials/Z.mat using Guid(625b8cecd568f5548ac8bcfb777ae0f6) Importer(815301076,1909f56bfc062723c751e8b465ee728b)  -> (artifact id: 'b7359d669900e1a6df720a0323beb962') in 0.009358 seconds 
========================================================================
Received Import Request.
  Time since last request: 0.000027 seconds.
  path: Assets/Assets/Materials/T.mat
  artifactKey: Guid(313b46ec9a521f443af99b1545f0b297) Importer(815301076,1909f56bfc062723c751e8b465ee728b)
Start importing Assets/Assets/Materials/T.mat using Guid(313b46ec9a521f443af99b1545f0b297) Importer(815301076,1909f56bfc062723c751e8b465ee728b)  -> (artifact id: '99835b9df86625afc58bb3877ae744fe') in 0.009919 seconds 
========================================================================
Received Import Request.
  Time since last request: 0.000022 seconds.
  path: Assets/Assets/Materials/O.mat
  artifactKey: Guid(60bd3a6fbc7267242a1b7313f731b131) Importer(815301076,1909f56bfc062723c751e8b465ee728b)
Start importing Assets/Assets/Materials/O.mat using Guid(60bd3a6fbc7267242a1b7313f731b131) Importer(815301076,1909f56bfc062723c751e8b465ee728b)  -> (artifact id: '1e9e7b71b5425a0afbade8edf66653f4') in 0.008533 seconds 
========================================================================
Received Import Request.
  Time since last request: 1.646032 seconds.
  path: Assets/Resources/Prefabs/IPrewiew.prefab
  artifactKey: Guid(2668b9efbd702824b86e10eaa6501b4e) Importer(815301076,1909f56bfc062723c751e8b465ee728b)
Start importing Assets/Resources/Prefabs/IPrewiew.prefab using Guid(2668b9efbd702824b86e10eaa6501b4e) Importer(815301076,1909f56bfc062723c751e8b465ee728b)  -> (artifact id: '7a3a2463afa53b04553d1ea434a06953') in 0.062734 seconds 
========================================================================
Received Import Request.
  Time since last request: 0.000018 seconds.
  path: Assets/Resources/Prefabs/T.prefab
  artifactKey: Guid(9336f9799086c48969588c424eb4260e) Importer(815301076,1909f56bfc062723c751e8b465ee728b)
Start importing Assets/Resources/Prefabs/T.prefab using Guid(9336f9799086c48969588c424eb4260e) Importer(815301076,1909f56bfc062723c751e8b465ee728b)  -> (artifact id: 'cc6446b6d9f30fdb65ab268f1d7506ae') in 0.009465 seconds 
========================================================================
Received Import Request.
  Time since last request: 0.000016 seconds.
  path: Assets/Resources/Prefabs/ZPrewiew.prefab
  artifactKey: Guid(d331c97aeb250c342ba404953115bb4a) Importer(815301076,1909f56bfc062723c751e8b465ee728b)
Start importing Assets/Resources/Prefabs/ZPrewiew.prefab using Guid(d331c97aeb250c342ba404953115bb4a) Importer(815301076,1909f56bfc062723c751e8b465ee728b)  -> (artifact id: 'e7c074b406bcb41609f42697233ac6ea') in 0.008419 seconds 
========================================================================
Received Import Request.
  Time since last request: 0.000017 seconds.
  path: Assets/Resources/Prefabs/TPrewiew.prefab
  artifactKey: Guid(f9ecd7132a8cf0b4f95633b3138b665e) Importer(815301076,1909f56bfc062723c751e8b465ee728b)
Start importing Assets/Resources/Prefabs/TPrewiew.prefab using Guid(f9ecd7132a8cf0b4f95633b3138b665e) Importer(815301076,1909f56bfc062723c751e8b465ee728b)  -> (artifact id: '4bee35d4d6a5a8e828df2eb39c9d9f63') in 0.009417 seconds 
========================================================================
Received Import Request.
  Time since last request: 0.000019 seconds.
  path: Assets/Resources/Prefabs/O.prefab
  artifactKey: Guid(4a17950ef5b8e46dfa64b099a87ecd33) Importer(815301076,1909f56bfc062723c751e8b465ee728b)
Start importing Assets/Resources/Prefabs/O.prefab using Guid(4a17950ef5b8e46dfa64b099a87ecd33) Importer(815301076,1909f56bfc062723c751e8b465ee728b)  -> (artifact id: '09799ccaed876e92ccc4ce9d865f8fd3') in 0.007992 seconds 
Editor requested this worker to shutdown with reason: Scaling down because of idle timeout
AssetImportWorker is now disconnected from the server
Process exiting
Exiting without the bug reporter. Application will terminate with return code 0